#
# There is insufficient memory for the Java Runtime Environment to continue.
# Native memory allocation (malloc) failed to allocate 847376 bytes for Chunk::new
# Possible reasons:
#   The system is out of physical RAM or swap space
#   The process is running with CompressedOops enabled, and the Java Heap may be blocking the growth of the native heap
# Possible solutions:
#   Reduce memory load on the system
#   Increase physical memory or swap space
#   Check if swap backing store is full
#   Decrease Java heap size (-Xmx/-Xms)
#   Decrease number of Java threads
#   Decrease Java thread stack sizes (-Xss)
#   Set larger code cache with -XX:ReservedCodeCacheSize=
#   JVM is running with Unscaled Compressed Oops mode in which the Java heap is
#     placed in the first 4GB address space. The Java Heap base address is the
#     maximum limit for the native heap growth. Please use -XX:HeapBaseMinAddress
#     to set the Java Heap base and to place the Java Heap above 4GB virtual address.
# This output file may be truncated or incomplete.
#
#  Out of Memory Error (./src/hotspot/share/memory/arena.cpp:197), pid=10316, tid=2988
#
# JRE version: OpenJDK Runtime Environment Corretto-11.0.15.9.1 (11.0.15+9) (build 11.0.15+9-LTS)
# Java VM: OpenJDK 64-Bit Server VM Corretto-11.0.15.9.1 (11.0.15+9-LTS, mixed mode, tiered, compressed oops, g1 gc, windows-amd64)
# No core dump will be written. Minidumps are not enabled by default on client versions of Windows
#

---------------  S U M M A R Y ------------

Command Line: -Dmaven.multiModuleProjectDirectory=C:\Users\Юыќур\IdeaProjects\Maven2 -Dmaven.home=C:\Program Files\JetBrains\IntelliJ IDEA Community Edition 2022.1.2\plugins\maven\lib\maven3 -Dclassworlds.conf=C:\Program Files\JetBrains\IntelliJ IDEA Community Edition 2022.1.2\plugins\maven\lib\maven3\bin\m2.conf -Dmaven.ext.class.path=C:\Program Files\JetBrains\IntelliJ IDEA Community Edition 2022.1.2\plugins\maven\lib\maven-event-listener.jar -javaagent:C:\Program Files\JetBrains\IntelliJ IDEA Community Edition 2022.1.2\lib\idea_rt.jar=51711:C:\Program Files\JetBrains\IntelliJ IDEA Community Edition 2022.1.2\bin -Dfile.encoding=UTF-8 org.codehaus.classworlds.Launcher -Didea.version=2022.1.2 clean test

Host: AMD A6-3410MX APU with Radeon(tm) HD Graphics, 4 cores, 5G,  Windows 10 , 64 bit Build 19041 (10.0.19041.1741)
Time: Mon Jul 11 20:12:55 2022  Windows 10 , 64 bit Build 19041 (10.0.19041.1741) elapsed time: 11.833003 seconds (0d 0h 0m 11s)

---------------  T H R E A D  ---------------

Current thread (0x000001e20493c800):  JavaThread "C2 CompilerThread1" daemon [_thread_in_native, id=2988, stack(0x0000004610f00000,0x0000004611000000)]


Current CompileTask:
C2:  11833 4416       4       java.util.regex.Pattern::compile (498 bytes)

Stack: [0x0000004610f00000,0x0000004611000000]
Native frames: (J=compiled Java code, j=interpreted, Vv=VM code, C=native code)
V  [jvm.dll+0x61e7ba]
V  [jvm.dll+0x7ab749]
V  [jvm.dll+0x7ace38]
V  [jvm.dll+0x7ad513]
V  [jvm.dll+0x24f968]
V  [jvm.dll+0xc262c]
V  [jvm.dll+0xc2bec]
V  [jvm.dll+0x359b62]
V  [jvm.dll+0x325b23]
V  [jvm.dll+0x324e5a]
V  [jvm.dll+0x208da5]
V  [jvm.dll+0x207f8d]
V  [jvm.dll+0x18a371]
V  [jvm.dll+0x2176e4]
V  [jvm.dll+0x21592b]
V  [jvm.dll+0x76e250]
V  [jvm.dll+0x7671b4]
V  [jvm.dll+0x61d616]
C  [ucrtbase.dll+0x21bb2]
C  [KERNEL32.DLL+0x17034]
C  [ntdll.dll+0x52651]


---------------  P R O C E S S  ---------------

Threads class SMR info:
_java_thread_list=0x000001e20f22b970, length=12, elements={
0x000001e265dba000, 0x000001e203779000, 0x000001e203766800, 0x000001e2037cb000,
0x000001e2037ce000, 0x000001e2037cf000, 0x000001e2037d3800, 0x000001e2037d4800,
0x000001e204001000, 0x000001e265e87000, 0x000001e2042a3000, 0x000001e20493c800
}

Java Threads: ( => current thread )
  0x000001e265dba000 JavaThread "main" [_thread_in_Java, id=5600, stack(0x000000460fc00000,0x000000460fd00000)]
  0x000001e203779000 JavaThread "Reference Handler" daemon [_thread_blocked, id=10352, stack(0x0000004610300000,0x0000004610400000)]
  0x000001e203766800 JavaThread "Finalizer" daemon [_thread_blocked, id=10244, stack(0x0000004610400000,0x0000004610500000)]
  0x000001e2037cb000 JavaThread "Signal Dispatcher" daemon [_thread_blocked, id=10932, stack(0x0000004610500000,0x0000004610600000)]
  0x000001e2037ce000 JavaThread "Attach Listener" daemon [_thread_blocked, id=10012, stack(0x0000004610600000,0x0000004610700000)]
  0x000001e2037cf000 JavaThread "Service Thread" daemon [_thread_blocked, id=9884, stack(0x0000004610700000,0x0000004610800000)]
  0x000001e2037d3800 JavaThread "C2 CompilerThread0" daemon [_thread_in_native, id=11064, stack(0x0000004610800000,0x0000004610900000)]
  0x000001e2037d4800 JavaThread "C1 CompilerThread0" daemon [_thread_blocked, id=3376, stack(0x0000004610900000,0x0000004610a00000)]
  0x000001e204001000 JavaThread "Sweeper thread" daemon [_thread_blocked, id=5904, stack(0x0000004610a00000,0x0000004610b00000)]
  0x000001e265e87000 JavaThread "Common-Cleaner" daemon [_thread_blocked, id=5956, stack(0x0000004610b00000,0x0000004610c00000)]
  0x000001e2042a3000 JavaThread "Monitor Ctrl-Break" daemon [_thread_in_native, id=8752, stack(0x0000004610c00000,0x0000004610d00000)]
=>0x000001e20493c800 JavaThread "C2 CompilerThread1" daemon [_thread_in_native, id=2988, stack(0x0000004610f00000,0x0000004611000000)]

Other Threads:
  0x000001e203744000 VMThread "VM Thread" [stack: 0x0000004610200000,0x0000004610300000] [id=9028]
  0x000001e2042a4000 WatcherThread [stack: 0x0000004610d00000,0x0000004610e00000] [id=6080]
  0x000001e265dd2800 GCTaskThread "GC Thread#0" [stack: 0x000000460fd00000,0x000000460fe00000] [id=5608]
  0x000001e20466a800 GCTaskThread "GC Thread#1" [stack: 0x0000004610e00000,0x0000004610f00000] [id=7344]
  0x000001e265df6000 ConcurrentGCThread "G1 Main Marker" [stack: 0x000000460fe00000,0x000000460ff00000] [id=11176]
  0x000001e265df8800 ConcurrentGCThread "G1 Conc#0" [stack: 0x000000460ff00000,0x0000004610000000] [id=8244]
  0x000001e265e58000 ConcurrentGCThread "G1 Refine#0" [stack: 0x0000004610000000,0x0000004610100000] [id=7036]
  0x000001e265e59000 ConcurrentGCThread "G1 Young RemSet Sampling" [stack: 0x0000004610100000,0x0000004610200000] [id=5224]

Threads with active compile tasks:
C2 CompilerThread0    11892 4512       4       java.util.regex.Pattern::closure (365 bytes)
C2 CompilerThread1    11893 4416       4       java.util.regex.Pattern::compile (498 bytes)

VM state:not at safepoint (normal execution)

VM Mutex/Monitor currently owned by a thread: None

Heap address: 0x00000000a8400000, size: 1404 MB, Compressed Oops mode: 32-bit
Narrow klass base: 0x0000000000000000, Narrow klass shift: 3
Compressed class space size: 1073741824 Address: 0x0000000100000000

Heap:
 garbage-first heap   total 90112K, used 46137K [0x00000000a8400000, 0x0000000100000000)
  region size 1024K, 43 young (44032K), 6 survivors (6144K)
 Metaspace       used 32196K, capacity 32852K, committed 33072K, reserved 1079296K
  class space    used 3429K, capacity 3653K, committed 3712K, reserved 1048576K
Heap Regions: E=young(eden), S=young(survivor), O=old, HS=humongous(starts), HC=humongous(continues), CS=collection set, F=free, A=archive, TAMS=top-at-mark-start (previous, next)
|   0|0x00000000a8400000, 0x00000000a8500000, 0x00000000a8500000|100%| O|  |TAMS 0x00000000a8500000, 0x00000000a8400000| Untracked 
|   1|0x00000000a8500000, 0x00000000a8600000, 0x00000000a8600000|100%| O|  |TAMS 0x00000000a8600000, 0x00000000a8500000| Untracked 
|   2|0x00000000a8600000, 0x00000000a8700000, 0x00000000a8700000|100%| O|  |TAMS 0x00000000a8700000, 0x00000000a8600000| Untracked 
|   3|0x00000000a8700000, 0x00000000a879a400, 0x00000000a8800000| 60%| O|  |TAMS 0x00000000a879a400, 0x00000000a8700000| Untracked 
|   4|0x00000000a8800000, 0x00000000a8800000, 0x00000000a8900000|  0%| F|  |TAMS 0x00000000a8800000, 0x00000000a8800000| Untracked 
|   5|0x00000000a8900000, 0x00000000a8900000, 0x00000000a8a00000|  0%| F|  |TAMS 0x00000000a8900000, 0x00000000a8900000| Untracked 
|   6|0x00000000a8a00000, 0x00000000a8a00000, 0x00000000a8b00000|  0%| F|  |TAMS 0x00000000a8a00000, 0x00000000a8a00000| Untracked 
|   7|0x00000000a8b00000, 0x00000000a8b00000, 0x00000000a8c00000|  0%| F|  |TAMS 0x00000000a8b00000, 0x00000000a8b00000| Untracked 
|   8|0x00000000a8c00000, 0x00000000a8c00000, 0x00000000a8d00000|  0%| F|  |TAMS 0x00000000a8c00000, 0x00000000a8c00000| Untracked 
|   9|0x00000000a8d00000, 0x00000000a8d00000, 0x00000000a8e00000|  0%| F|  |TAMS 0x00000000a8d00000, 0x00000000a8d00000| Untracked 
|  10|0x00000000a8e00000, 0x00000000a8e00000, 0x00000000a8f00000|  0%| F|  |TAMS 0x00000000a8e00000, 0x00000000a8e00000| Untracked 
|  11|0x00000000a8f00000, 0x00000000a8f00000, 0x00000000a9000000|  0%| F|  |TAMS 0x00000000a8f00000, 0x00000000a8f00000| Untracked 
|  12|0x00000000a9000000, 0x00000000a9000000, 0x00000000a9100000|  0%| F|  |TAMS 0x00000000a9000000, 0x00000000a9000000| Untracked 
|  13|0x00000000a9100000, 0x00000000a9100000, 0x00000000a9200000|  0%| F|  |TAMS 0x00000000a9100000, 0x00000000a9100000| Untracked 
|  14|0x00000000a9200000, 0x00000000a9200000, 0x00000000a9300000|  0%| F|  |TAMS 0x00000000a9200000, 0x00000000a9200000| Untracked 
|  15|0x00000000a9300000, 0x00000000a9300000, 0x00000000a9400000|  0%| F|  |TAMS 0x00000000a9300000, 0x00000000a9300000| Untracked 
|  16|0x00000000a9400000, 0x00000000a9400000, 0x00000000a9500000|  0%| F|  |TAMS 0x00000000a9400000, 0x00000000a9400000| Untracked 
|  17|0x00000000a9500000, 0x00000000a9500000, 0x00000000a9600000|  0%| F|  |TAMS 0x00000000a9500000, 0x00000000a9500000| Untracked 
|  18|0x00000000a9600000, 0x00000000a9600000, 0x00000000a9700000|  0%| F|  |TAMS 0x00000000a9600000, 0x00000000a9600000| Untracked 
|  19|0x00000000a9700000, 0x00000000a9700000, 0x00000000a9800000|  0%| F|  |TAMS 0x00000000a9700000, 0x00000000a9700000| Untracked 
|  20|0x00000000a9800000, 0x00000000a9800000, 0x00000000a9900000|  0%| F|  |TAMS 0x00000000a9800000, 0x00000000a9800000| Untracked 
|  21|0x00000000a9900000, 0x00000000a9900000, 0x00000000a9a00000|  0%| F|  |TAMS 0x00000000a9900000, 0x00000000a9900000| Untracked 
|  22|0x00000000a9a00000, 0x00000000a9a00000, 0x00000000a9b00000|  0%| F|  |TAMS 0x00000000a9a00000, 0x00000000a9a00000| Untracked 
|  23|0x00000000a9b00000, 0x00000000a9b00000, 0x00000000a9c00000|  0%| F|  |TAMS 0x00000000a9b00000, 0x00000000a9b00000| Untracked 
|  24|0x00000000a9c00000, 0x00000000a9c00000, 0x00000000a9d00000|  0%| F|  |TAMS 0x00000000a9c00000, 0x00000000a9c00000| Untracked 
|  25|0x00000000a9d00000, 0x00000000a9d00000, 0x00000000a9e00000|  0%| F|  |TAMS 0x00000000a9d00000, 0x00000000a9d00000| Untracked 
|  26|0x00000000a9e00000, 0x00000000a9e00000, 0x00000000a9f00000|  0%| F|  |TAMS 0x00000000a9e00000, 0x00000000a9e00000| Untracked 
|  27|0x00000000a9f00000, 0x00000000a9f00000, 0x00000000aa000000|  0%| F|  |TAMS 0x00000000a9f00000, 0x00000000a9f00000| Untracked 
|  28|0x00000000aa000000, 0x00000000aa000000, 0x00000000aa100000|  0%| F|  |TAMS 0x00000000aa000000, 0x00000000aa000000| Untracked 
|  29|0x00000000aa100000, 0x00000000aa100000, 0x00000000aa200000|  0%| F|  |TAMS 0x00000000aa100000, 0x00000000aa100000| Untracked 
|  30|0x00000000aa200000, 0x00000000aa274100, 0x00000000aa300000| 45%| S|CS|TAMS 0x00000000aa200000, 0x00000000aa200000| Complete 
|  31|0x00000000aa300000, 0x00000000aa400000, 0x00000000aa400000|100%| S|CS|TAMS 0x00000000aa300000, 0x00000000aa300000| Complete 
|  32|0x00000000aa400000, 0x00000000aa500000, 0x00000000aa500000|100%| S|CS|TAMS 0x00000000aa400000, 0x00000000aa400000| Complete 
|  33|0x00000000aa500000, 0x00000000aa600000, 0x00000000aa600000|100%| S|CS|TAMS 0x00000000aa500000, 0x00000000aa500000| Complete 
|  34|0x00000000aa600000, 0x00000000aa700000, 0x00000000aa700000|100%| S|CS|TAMS 0x00000000aa600000, 0x00000000aa600000| Complete 
|  35|0x00000000aa700000, 0x00000000aa800000, 0x00000000aa800000|100%| S|CS|TAMS 0x00000000aa700000, 0x00000000aa700000| Complete 
|  36|0x00000000aa800000, 0x00000000aa800000, 0x00000000aa900000|  0%| F|  |TAMS 0x00000000aa800000, 0x00000000aa800000| Untracked 
|  37|0x00000000aa900000, 0x00000000aa900000, 0x00000000aaa00000|  0%| F|  |TAMS 0x00000000aa900000, 0x00000000aa900000| Untracked 
|  38|0x00000000aaa00000, 0x00000000aaa00000, 0x00000000aab00000|  0%| F|  |TAMS 0x00000000aaa00000, 0x00000000aaa00000| Untracked 
|  39|0x00000000aab00000, 0x00000000aab00000, 0x00000000aac00000|  0%| F|  |TAMS 0x00000000aab00000, 0x00000000aab00000| Untracked 
|  40|0x00000000aac00000, 0x00000000aac00000, 0x00000000aad00000|  0%| F|  |TAMS 0x00000000aac00000, 0x00000000aac00000| Untracked 
|  41|0x00000000aad00000, 0x00000000aad00000, 0x00000000aae00000|  0%| F|  |TAMS 0x00000000aad00000, 0x00000000aad00000| Untracked 
|  42|0x00000000aae00000, 0x00000000aae00000, 0x00000000aaf00000|  0%| F|  |TAMS 0x00000000aae00000, 0x00000000aae00000| Untracked 
|  43|0x00000000aaf00000, 0x00000000aaf00000, 0x00000000ab000000|  0%| F|  |TAMS 0x00000000aaf00000, 0x00000000aaf00000| Untracked 
|  44|0x00000000ab000000, 0x00000000ab000000, 0x00000000ab100000|  0%| F|  |TAMS 0x00000000ab000000, 0x00000000ab000000| Untracked 
|  45|0x00000000ab100000, 0x00000000ab100000, 0x00000000ab200000|  0%| F|  |TAMS 0x00000000ab100000, 0x00000000ab100000| Untracked 
|  46|0x00000000ab200000, 0x00000000ab200000, 0x00000000ab300000|  0%| F|  |TAMS 0x00000000ab200000, 0x00000000ab200000| Untracked 
|  47|0x00000000ab300000, 0x00000000ab300000, 0x00000000ab400000|  0%| F|  |TAMS 0x00000000ab300000, 0x00000000ab300000| Untracked 
|  48|0x00000000ab400000, 0x00000000ab400000, 0x00000000ab500000|  0%| F|  |TAMS 0x00000000ab400000, 0x00000000ab400000| Untracked 
|  49|0x00000000ab500000, 0x00000000ab500000, 0x00000000ab600000|  0%| F|  |TAMS 0x00000000ab500000, 0x00000000ab500000| Untracked 
|  50|0x00000000ab600000, 0x00000000ab600000, 0x00000000ab700000|  0%| F|  |TAMS 0x00000000ab600000, 0x00000000ab600000| Untracked 
|  51|0x00000000ab700000, 0x00000000ab800000, 0x00000000ab800000|100%| E|  |TAMS 0x00000000ab700000, 0x00000000ab700000| Complete 
|  52|0x00000000ab800000, 0x00000000ab900000, 0x00000000ab900000|100%| E|CS|TAMS 0x00000000ab800000, 0x00000000ab800000| Complete 
|  53|0x00000000ab900000, 0x00000000aba00000, 0x00000000aba00000|100%| E|CS|TAMS 0x00000000ab900000, 0x00000000ab900000| Complete 
|  54|0x00000000aba00000, 0x00000000abb00000, 0x00000000abb00000|100%| E|CS|TAMS 0x00000000aba00000, 0x00000000aba00000| Complete 
|  55|0x00000000abb00000, 0x00000000abc00000, 0x00000000abc00000|100%| E|CS|TAMS 0x00000000abb00000, 0x00000000abb00000| Complete 
|  56|0x00000000abc00000, 0x00000000abd00000, 0x00000000abd00000|100%| E|CS|TAMS 0x00000000abc00000, 0x00000000abc00000| Complete 
|  57|0x00000000abd00000, 0x00000000abe00000, 0x00000000abe00000|100%| E|CS|TAMS 0x00000000abd00000, 0x00000000abd00000| Complete 
|  58|0x00000000abe00000, 0x00000000abf00000, 0x00000000abf00000|100%| E|CS|TAMS 0x00000000abe00000, 0x00000000abe00000| Complete 
|  59|0x00000000abf00000, 0x00000000ac000000, 0x00000000ac000000|100%| E|CS|TAMS 0x00000000abf00000, 0x00000000abf00000| Complete 
|  60|0x00000000ac000000, 0x00000000ac100000, 0x00000000ac100000|100%| E|CS|TAMS 0x00000000ac000000, 0x00000000ac000000| Complete 
|  61|0x00000000ac100000, 0x00000000ac200000, 0x00000000ac200000|100%| E|CS|TAMS 0x00000000ac100000, 0x00000000ac100000| Complete 
|  62|0x00000000ac200000, 0x00000000ac300000, 0x00000000ac300000|100%| E|CS|TAMS 0x00000000ac200000, 0x00000000ac200000| Complete 
|  63|0x00000000ac300000, 0x00000000ac400000, 0x00000000ac400000|100%| E|CS|TAMS 0x00000000ac300000, 0x00000000ac300000| Complete 
|  64|0x00000000ac400000, 0x00000000ac500000, 0x00000000ac500000|100%| E|CS|TAMS 0x00000000ac400000, 0x00000000ac400000| Complete 
|  65|0x00000000ac500000, 0x00000000ac600000, 0x00000000ac600000|100%| E|CS|TAMS 0x00000000ac500000, 0x00000000ac500000| Complete 
|  66|0x00000000ac600000, 0x00000000ac700000, 0x00000000ac700000|100%| E|CS|TAMS 0x00000000ac600000, 0x00000000ac600000| Complete 
|  67|0x00000000ac700000, 0x00000000ac800000, 0x00000000ac800000|100%| E|CS|TAMS 0x00000000ac700000, 0x00000000ac700000| Complete 
|  68|0x00000000ac800000, 0x00000000ac900000, 0x00000000ac900000|100%| E|CS|TAMS 0x00000000ac800000, 0x00000000ac800000| Complete 
|  69|0x00000000ac900000, 0x00000000aca00000, 0x00000000aca00000|100%| E|CS|TAMS 0x00000000ac900000, 0x00000000ac900000| Complete 
|  70|0x00000000aca00000, 0x00000000acb00000, 0x00000000acb00000|100%| E|CS|TAMS 0x00000000aca00000, 0x00000000aca00000| Complete 
|  71|0x00000000acb00000, 0x00000000acc00000, 0x00000000acc00000|100%| E|CS|TAMS 0x00000000acb00000, 0x00000000acb00000| Complete 
|  72|0x00000000acc00000, 0x00000000acd00000, 0x00000000acd00000|100%| E|CS|TAMS 0x00000000acc00000, 0x00000000acc00000| Complete 
|  73|0x00000000acd00000, 0x00000000ace00000, 0x00000000ace00000|100%| E|CS|TAMS 0x00000000acd00000, 0x00000000acd00000| Complete 
|  74|0x00000000ace00000, 0x00000000acf00000, 0x00000000acf00000|100%| E|CS|TAMS 0x00000000ace00000, 0x00000000ace00000| Complete 
|  75|0x00000000acf00000, 0x00000000ad000000, 0x00000000ad000000|100%| E|CS|TAMS 0x00000000acf00000, 0x00000000acf00000| Complete 
|  76|0x00000000ad000000, 0x00000000ad100000, 0x00000000ad100000|100%| E|CS|TAMS 0x00000000ad000000, 0x00000000ad000000| Complete 
|  77|0x00000000ad100000, 0x00000000ad200000, 0x00000000ad200000|100%| E|CS|TAMS 0x00000000ad100000, 0x00000000ad100000| Complete 
|  78|0x00000000ad200000, 0x00000000ad300000, 0x00000000ad300000|100%| E|CS|TAMS 0x00000000ad200000, 0x00000000ad200000| Complete 
|  79|0x00000000ad300000, 0x00000000ad400000, 0x00000000ad400000|100%| E|CS|TAMS 0x00000000ad300000, 0x00000000ad300000| Complete 
|  80|0x00000000ad400000, 0x00000000ad500000, 0x00000000ad500000|100%| E|CS|TAMS 0x00000000ad400000, 0x00000000ad400000| Complete 
|  81|0x00000000ad500000, 0x00000000ad600000, 0x00000000ad600000|100%| E|CS|TAMS 0x00000000ad500000, 0x00000000ad500000| Complete 
|  82|0x00000000ad600000, 0x00000000ad700000, 0x00000000ad700000|100%| E|CS|TAMS 0x00000000ad600000, 0x00000000ad600000| Complete 
|  83|0x00000000ad700000, 0x00000000ad800000, 0x00000000ad800000|100%| E|CS|TAMS 0x00000000ad700000, 0x00000000ad700000| Complete 
|  84|0x00000000ad800000, 0x00000000ad900000, 0x00000000ad900000|100%| E|CS|TAMS 0x00000000ad800000, 0x00000000ad800000| Complete 
|  85|0x00000000ad900000, 0x00000000ada00000, 0x00000000ada00000|100%| E|CS|TAMS 0x00000000ad900000, 0x00000000ad900000| Complete 
|  86|0x00000000ada00000, 0x00000000adb00000, 0x00000000adb00000|100%| E|CS|TAMS 0x00000000ada00000, 0x00000000ada00000| Complete 
|  87|0x00000000adb00000, 0x00000000adc00000, 0x00000000adc00000|100%| E|CS|TAMS 0x00000000adb00000, 0x00000000adb00000| Complete 

Card table byte_map: [0x000001e27de30000,0x000001e27e0f0000] _byte_map_base: 0x000001e27d8ee000

Marking Bits (Prev, Next): (CMBitMap*) 0x000001e265defd70, (CMBitMap*) 0x000001e265defd38
 Prev Bits: [0x000001e200000000, 0x000001e2015f0000)
 Next Bits: [0x000001e27e3b0000, 0x000001e27f9a0000)

Polling page: 0x000001e265ea0000

Metaspace:

Usage:
  Non-class:     28.51 MB capacity,    28.09 MB ( 99%) used,   373.23 KB (  1%) free+waste,    56.63 KB ( <1%) overhead. 
      Class:      3.57 MB capacity,     3.35 MB ( 94%) used,   199.68 KB (  5%) free+waste,    24.06 KB ( <1%) overhead. 
       Both:     32.08 MB capacity,    31.44 MB ( 98%) used,   572.91 KB (  2%) free+waste,    80.69 KB ( <1%) overhead. 

Virtual space:
  Non-class space:       30.00 MB reserved,      28.67 MB ( 96%) committed 
      Class space:        1.00 GB reserved,       3.63 MB ( <1%) committed 
             Both:        1.03 GB reserved,      32.30 MB (  3%) committed 

Chunk freelists:
   Non-Class:  33.00 KB
       Class:  27.00 KB
        Both:  60.00 KB

MaxMetaspaceSize: 17179869184.00 GB
CompressedClassSpaceSize: 1.00 GB
Initial GC threshold: 20.80 MB
Current GC threshold: 35.08 MB
CDS: off

CodeHeap 'non-profiled nmethods': size=120064Kb used=2064Kb max_used=2064Kb free=117999Kb
 bounds [0x000001e276000000, 0x000001e276270000, 0x000001e27d540000]
CodeHeap 'profiled nmethods': size=120000Kb used=9665Kb max_used=9665Kb free=110334Kb
 bounds [0x000001e26ead0000, 0x000001e26f450000, 0x000001e276000000]
CodeHeap 'non-nmethods': size=5696Kb used=1194Kb max_used=1211Kb free=4501Kb
 bounds [0x000001e26e540000, 0x000001e26e7b0000, 0x000001e26ead0000]
 total_blobs=5021 nmethods=4554 adapters=379
 compilation: enabled
              stopped_count=0, restarted_count=0
 full_count=0

Compilation events (20 events):
Event: 11.800 Thread 0x000001e2037d4800 nmethod 4515 0x000001e26f425d90 code [0x000001e26f425f40, 0x000001e26f426088]
Event: 11.800 Thread 0x000001e2037d4800 4516       3       com.sun.tools.javac.code.Type$ClassType::accept (9 bytes)
Event: 11.800 Thread 0x000001e2037d4800 nmethod 4516 0x000001e26f426110 code [0x000001e26f4262c0, 0x000001e26f426488]
Event: 11.800 Thread 0x000001e2037d4800 4517       3       com.sun.tools.javac.code.Symbol::isInterface (19 bytes)
Event: 11.800 Thread 0x000001e2037d4800 nmethod 4517 0x000001e26f426590 code [0x000001e26f426740, 0x000001e26f426968]
Event: 11.800 Thread 0x000001e2037d4800 4518       3       com.sun.tools.javac.util.ListBuffer::nonEmpty (13 bytes)
Event: 11.801 Thread 0x000001e2037d4800 nmethod 4518 0x000001e26f426a10 code [0x000001e26f426bc0, 0x000001e26f426d18]
Event: 11.804 Thread 0x000001e2037d4800 4519       3       com.sun.tools.javac.code.Scope$Entry::next (44 bytes)
Event: 11.805 Thread 0x000001e2037d4800 nmethod 4519 0x000001e26f426d90 code [0x000001e26f426f60, 0x000001e26f427258]
Event: 11.810 Thread 0x000001e2037d4800 4520       1       java.util.Spliterators$ArraySpliterator::characteristics (5 bytes)
Event: 11.810 Thread 0x000001e2037d4800 nmethod 4520 0x000001e2761ffd90 code [0x000001e2761fff40, 0x000001e2761ffff8]
Event: 11.814 Thread 0x000001e2037d4800 4521       3       com.sun.tools.javac.util.Assert::checkNull (8 bytes)
Event: 11.814 Thread 0x000001e2037d4800 nmethod 4521 0x000001e26f427390 code [0x000001e26f427560, 0x000001e26f4277a8]
Event: 11.814 Thread 0x000001e2037d4800 4525       3       com.sun.tools.javac.jvm.ClassReader::setParameters (348 bytes)
Event: 11.820 Thread 0x000001e2037d4800 nmethod 4525 0x000001e26f427910 code [0x000001e26f427de0, 0x000001e26f42aaa8]
Event: 11.820 Thread 0x000001e2037d4800 4522       3       com.sun.tools.javac.code.Types::isSignaturePolymorphic (111 bytes)
Event: 11.822 Thread 0x000001e2037d4800 nmethod 4522 0x000001e26f42ba90 code [0x000001e26f42bcc0, 0x000001e26f42c5f8]
Event: 11.822 Thread 0x000001e2037d4800 4523   !   3       com.sun.tools.javac.jvm.ClassReader::readMethod (462 bytes)
Event: 11.827 Thread 0x000001e2037d4800 nmethod 4523 0x000001e26f42c910 code [0x000001e26f42ce00, 0x000001e26f42fab8]
Event: 11.827 Thread 0x000001e2037d4800 4532       3       java.util.stream.AbstractPipeline::wrapSink (37 bytes)

GC Heap History (10 events):
Event: 2.369 GC heap before
{Heap before GC invocations=0 (full 0):
 garbage-first heap   total 90112K, used 13312K [0x00000000a8400000, 0x0000000100000000)
  region size 1024K, 14 young (14336K), 0 survivors (0K)
 Metaspace       used 11743K, capacity 12003K, committed 12288K, reserved 1060864K
  class space    used 1091K, capacity 1172K, committed 1280K, reserved 1048576K
}
Event: 2.383 GC heap after
{Heap after GC invocations=1 (full 0):
 garbage-first heap   total 90112K, used 3545K [0x00000000a8400000, 0x0000000100000000)
  region size 1024K, 2 young (2048K), 2 survivors (2048K)
 Metaspace       used 11743K, capacity 12003K, committed 12288K, reserved 1060864K
  class space    used 1091K, capacity 1172K, committed 1280K, reserved 1048576K
}
Event: 2.866 GC heap before
{Heap before GC invocations=1 (full 0):
 garbage-first heap   total 90112K, used 10713K [0x00000000a8400000, 0x0000000100000000)
  region size 1024K, 9 young (9216K), 2 survivors (2048K)
 Metaspace       used 13700K, capacity 13999K, committed 14336K, reserved 1062912K
  class space    used 1343K, capacity 1432K, committed 1536K, reserved 1048576K
}
Event: 2.875 GC heap after
{Heap after GC invocations=2 (full 0):
 garbage-first heap   total 90112K, used 4035K [0x00000000a8400000, 0x0000000100000000)
  region size 1024K, 1 young (1024K), 1 survivors (1024K)
 Metaspace       used 13700K, capacity 13999K, committed 14336K, reserved 1062912K
  class space    used 1343K, capacity 1432K, committed 1536K, reserved 1048576K
}
Event: 3.777 GC heap before
{Heap before GC invocations=2 (full 0):
 garbage-first heap   total 90112K, used 27587K [0x00000000a8400000, 0x0000000100000000)
  region size 1024K, 24 young (24576K), 1 survivors (1024K)
 Metaspace       used 15754K, capacity 15990K, committed 16000K, reserved 1062912K
  class space    used 1596K, capacity 1664K, committed 1664K, reserved 1048576K
}
Event: 3.784 GC heap after
{Heap after GC invocations=3 (full 0):
 garbage-first heap   total 90112K, used 4810K [0x00000000a8400000, 0x0000000100000000)
  region size 1024K, 2 young (2048K), 2 survivors (2048K)
 Metaspace       used 15754K, capacity 15990K, committed 16000K, reserved 1062912K
  class space    used 1596K, capacity 1664K, committed 1664K, reserved 1048576K
}
Event: 5.547 GC heap before
{Heap before GC invocations=3 (full 0):
 garbage-first heap   total 90112K, used 34506K [0x00000000a8400000, 0x0000000100000000)
  region size 1024K, 32 young (32768K), 2 survivors (2048K)
 Metaspace       used 20757K, capacity 21115K, committed 21296K, reserved 1069056K
  class space    used 2205K, capacity 2358K, committed 2432K, reserved 1048576K
}
Event: 5.567 GC heap after
{Heap after GC invocations=4 (full 0):
 garbage-first heap   total 90112K, used 6622K [0x00000000a8400000, 0x0000000100000000)
  region size 1024K, 3 young (3072K), 3 survivors (3072K)
 Metaspace       used 20757K, capacity 21115K, committed 21296K, reserved 1069056K
  class space    used 2205K, capacity 2358K, committed 2432K, reserved 1048576K
}
Event: 9.019 GC heap before
{Heap before GC invocations=5 (full 0):
 garbage-first heap   total 90112K, used 56798K [0x00000000a8400000, 0x0000000100000000)
  region size 1024K, 52 young (53248K), 3 survivors (3072K)
 Metaspace       used 22935K, capacity 23425K, committed 23728K, reserved 1071104K
  class space    used 2369K, capacity 2507K, committed 2560K, reserved 1048576K
}
Event: 9.043 GC heap after
{Heap after GC invocations=6 (full 0):
 garbage-first heap   total 90112K, used 9273K [0x00000000a8400000, 0x0000000100000000)
  region size 1024K, 6 young (6144K), 6 survivors (6144K)
 Metaspace       used 22935K, capacity 23425K, committed 23728K, reserved 1071104K
  class space    used 2369K, capacity 2507K, committed 2560K, reserved 1048576K
}

Deoptimization events (20 events):
Event: 11.427 Thread 0x000001e265dba000 DEOPT PACKING pc=0x000001e27611038c sp=0x000000460fcfd4a0
Event: 11.427 Thread 0x000001e265dba000 DEOPT UNPACKING pc=0x000001e26e58a1a9 sp=0x000000460fcfd420 mode 2
Event: 11.556 Thread 0x000001e265dba000 Uncommon trap: trap_request=0xffffffde fr.pc=0x000001e2761f01ec relative=0x000000000000076c
Event: 11.556 Thread 0x000001e265dba000 Uncommon trap: reason=class_check action=maybe_recompile pc=0x000001e2761f01ec method=java.util.HashMap.putVal(ILjava/lang/Object;Ljava/lang/Object;ZZ)Ljava/lang/Object; @ 203 c2
Event: 11.556 Thread 0x000001e265dba000 DEOPT PACKING pc=0x000001e2761f01ec sp=0x000000460fcfd130
Event: 11.556 Thread 0x000001e265dba000 DEOPT UNPACKING pc=0x000001e26e58a1a9 sp=0x000000460fcfd058 mode 2
Event: 11.582 Thread 0x000001e265dba000 Uncommon trap: trap_request=0xffffffde fr.pc=0x000001e2761f01ec relative=0x000000000000076c
Event: 11.582 Thread 0x000001e265dba000 Uncommon trap: reason=class_check action=maybe_recompile pc=0x000001e2761f01ec method=java.util.HashMap.putVal(ILjava/lang/Object;Ljava/lang/Object;ZZ)Ljava/lang/Object; @ 203 c2
Event: 11.582 Thread 0x000001e265dba000 DEOPT PACKING pc=0x000001e2761f01ec sp=0x000000460fcfd130
Event: 11.582 Thread 0x000001e265dba000 DEOPT UNPACKING pc=0x000001e26e58a1a9 sp=0x000000460fcfd058 mode 2
Event: 11.590 Thread 0x000001e265dba000 Uncommon trap: trap_request=0xffffffde fr.pc=0x000001e2761f1160 relative=0x0000000000000760
Event: 11.590 Thread 0x000001e265dba000 Uncommon trap: reason=class_check action=maybe_recompile pc=0x000001e2761f1160 method=java.util.HashMap.putVal(ILjava/lang/Object;Ljava/lang/Object;ZZ)Ljava/lang/Object; @ 203 c2
Event: 11.590 Thread 0x000001e265dba000 DEOPT PACKING pc=0x000001e2761f1160 sp=0x000000460fcfd0b0
Event: 11.590 Thread 0x000001e265dba000 DEOPT UNPACKING pc=0x000001e26e58a1a9 sp=0x000000460fcfd060 mode 2
Event: 11.666 Thread 0x000001e265dba000 DEOPT PACKING pc=0x000001e26f3a344f sp=0x000000460fcfcd90
Event: 11.666 Thread 0x000001e265dba000 DEOPT UNPACKING pc=0x000001e26e58a93f sp=0x000000460fcfc268 mode 0
Event: 11.692 Thread 0x000001e265dba000 DEOPT PACKING pc=0x000001e26f2b0ce7 sp=0x000000460fcfcdf0
Event: 11.692 Thread 0x000001e265dba000 DEOPT UNPACKING pc=0x000001e26e58a93f sp=0x000000460fcfc298 mode 0
Event: 11.707 Thread 0x000001e265dba000 DEOPT PACKING pc=0x000001e26eed9f13 sp=0x000000460fcfc770
Event: 11.707 Thread 0x000001e265dba000 DEOPT UNPACKING pc=0x000001e26e58a93f sp=0x000000460fcfbc48 mode 0

Classes redefined (0 events):
No events

Internal exceptions (20 events):
Event: 11.743 Thread 0x000001e265dba000 Exception <a 'sun/nio/fs/WindowsException'{0x00000000abaf0d38}> (0x00000000abaf0d38) thrown at [./src/hotspot/share/prims/jni.cpp, line 617]
Event: 11.743 Thread 0x000001e265dba000 Exception <a 'sun/nio/fs/WindowsException'{0x00000000abaf2250}> (0x00000000abaf2250) thrown at [./src/hotspot/share/prims/jni.cpp, line 617]
Event: 11.745 Thread 0x000001e265dba000 Exception <a 'sun/nio/fs/WindowsException'{0x00000000abaf4f38}> (0x00000000abaf4f38) thrown at [./src/hotspot/share/prims/jni.cpp, line 617]
Event: 11.745 Thread 0x000001e265dba000 Exception <a 'sun/nio/fs/WindowsException'{0x00000000abaf5270}> (0x00000000abaf5270) thrown at [./src/hotspot/share/prims/jni.cpp, line 617]
Event: 11.746 Thread 0x000001e265dba000 Exception <a 'sun/nio/fs/WindowsException'{0x00000000abaf68d0}> (0x00000000abaf68d0) thrown at [./src/hotspot/share/prims/jni.cpp, line 617]
Event: 11.746 Thread 0x000001e265dba000 Exception <a 'sun/nio/fs/WindowsException'{0x00000000abaf6c98}> (0x00000000abaf6c98) thrown at [./src/hotspot/share/prims/jni.cpp, line 617]
Event: 11.751 Thread 0x000001e265dba000 Exception <a 'sun/nio/fs/WindowsException'{0x00000000abaf8f28}> (0x00000000abaf8f28) thrown at [./src/hotspot/share/prims/jni.cpp, line 617]
Event: 11.751 Thread 0x000001e265dba000 Exception <a 'sun/nio/fs/WindowsException'{0x00000000abaf93a0}> (0x00000000abaf93a0) thrown at [./src/hotspot/share/prims/jni.cpp, line 617]
Event: 11.751 Thread 0x000001e265dba000 Exception <a 'sun/nio/fs/WindowsException'{0x00000000abafa910}> (0x00000000abafa910) thrown at [./src/hotspot/share/prims/jni.cpp, line 617]
Event: 11.754 Thread 0x000001e265dba000 Exception <a 'sun/nio/fs/WindowsException'{0x00000000abafdd18}> (0x00000000abafdd18) thrown at [./src/hotspot/share/prims/jni.cpp, line 617]
Event: 11.754 Thread 0x000001e265dba000 Exception <a 'sun/nio/fs/WindowsException'{0x00000000abafe0b8}> (0x00000000abafe0b8) thrown at [./src/hotspot/share/prims/jni.cpp, line 617]
Event: 11.755 Thread 0x000001e265dba000 Exception <a 'sun/nio/fs/WindowsException'{0x00000000abaff7a0}> (0x00000000abaff7a0) thrown at [./src/hotspot/share/prims/jni.cpp, line 617]
Event: 11.755 Thread 0x000001e265dba000 Exception <a 'sun/nio/fs/WindowsException'{0x00000000abaffbd0}> (0x00000000abaffbd0) thrown at [./src/hotspot/share/prims/jni.cpp, line 617]
Event: 11.756 Thread 0x000001e265dba000 Exception <a 'sun/nio/fs/WindowsException'{0x00000000ab9023e8}> (0x00000000ab9023e8) thrown at [./src/hotspot/share/prims/jni.cpp, line 617]
Event: 11.756 Thread 0x000001e265dba000 Exception <a 'sun/nio/fs/WindowsException'{0x00000000ab902888}> (0x00000000ab902888) thrown at [./src/hotspot/share/prims/jni.cpp, line 617]
Event: 11.756 Thread 0x000001e265dba000 Exception <a 'sun/nio/fs/WindowsException'{0x00000000ab9038c0}> (0x00000000ab9038c0) thrown at [./src/hotspot/share/prims/jni.cpp, line 617]
Event: 11.759 Thread 0x000001e265dba000 Exception <a 'sun/nio/fs/WindowsException'{0x00000000ab907a90}> (0x00000000ab907a90) thrown at [./src/hotspot/share/prims/jni.cpp, line 617]
Event: 11.759 Thread 0x000001e265dba000 Exception <a 'sun/nio/fs/WindowsException'{0x00000000ab907e60}> (0x00000000ab907e60) thrown at [./src/hotspot/share/prims/jni.cpp, line 617]
Event: 11.759 Thread 0x000001e265dba000 Exception <a 'sun/nio/fs/WindowsException'{0x00000000ab909608}> (0x00000000ab909608) thrown at [./src/hotspot/share/prims/jni.cpp, line 617]
Event: 11.759 Thread 0x000001e265dba000 Exception <a 'sun/nio/fs/WindowsException'{0x00000000ab909a68}> (0x00000000ab909a68) thrown at [./src/hotspot/share/prims/jni.cpp, line 617]

Events (20 events):
Event: 11.788 loading class com/sun/tools/javac/code/TypeAnnotations$AnnotationType
Event: 11.788 loading class com/sun/tools/javac/code/TypeAnnotations$AnnotationType done
Event: 11.788 loading class com/sun/tools/javac/code/TypeAnnotations$AnnotationType
Event: 11.788 loading class com/sun/tools/javac/code/TypeAnnotations$AnnotationType done
Event: 11.788 loading class com/sun/tools/javac/code/TypeAnnotations
Event: 11.788 loading class com/sun/tools/javac/code/TypeAnnotations done
Event: 11.789 loading class java/util/stream/ReduceOps$1
Event: 11.789 loading class java/util/stream/ReduceOps$1 done
Event: 11.789 loading class java/util/stream/ReduceOps$1ReducingSink
Event: 11.790 loading class java/util/stream/ReduceOps$1ReducingSink done
Event: 11.804 loading class com/sun/tools/javac/util/List
Event: 11.804 loading class com/sun/tools/javac/util/List done
Event: 11.805 loading class com/sun/tools/javac/code/Scope$FilterImportScope
Event: 11.805 loading class com/sun/tools/javac/code/Scope$FilterImportScope done
Event: 11.806 loading class com/sun/tools/javac/code/Symbol
Event: 11.806 loading class com/sun/tools/javac/code/Symbol done
Event: 11.806 loading class com/sun/tools/javac/code/Symbol
Event: 11.806 loading class com/sun/tools/javac/code/Symbol done
Event: 11.806 loading class com/sun/tools/javac/code/Scope$FilterImportScope
Event: 11.806 loading class com/sun/tools/javac/code/Scope$FilterImportScope done


Dynamic libraries:
0x00007ff733540000 - 0x00007ff73354d000 	C:\Users\Юыќур\.jdks\corretto-11.0.15\bin\java.exe
0x00007ffd49cd0000 - 0x00007ffd49ec7000 	C:\WINDOWS\SYSTEM32\ntdll.dll
0x00007ffd48860000 - 0x00007ffd4891d000 	C:\WINDOWS\System32\KERNEL32.DLL
0x00007ffd47700000 - 0x00007ffd479cd000 	C:\WINDOWS\System32\KERNELBASE.dll
0x00007ffd47b20000 - 0x00007ffd47c20000 	C:\WINDOWS\System32\ucrtbase.dll
0x00007ffd2bf80000 - 0x00007ffd2bf97000 	C:\Users\Юыќур\.jdks\corretto-11.0.15\bin\jli.dll
0x00007ffd2a4a0000 - 0x00007ffd2a4b9000 	C:\Users\Юыќур\.jdks\corretto-11.0.15\bin\VCRUNTIME140.dll
0x00007ffd496a0000 - 0x00007ffd49840000 	C:\WINDOWS\System32\USER32.dll
0x00007ffd47570000 - 0x00007ffd47592000 	C:\WINDOWS\System32\win32u.dll
0x00007ffd49aa0000 - 0x00007ffd49aca000 	C:\WINDOWS\System32\GDI32.dll
0x00007ffd473f0000 - 0x00007ffd474fb000 	C:\WINDOWS\System32\gdi32full.dll
0x00007ffd379e0000 - 0x00007ffd37c7a000 	C:\WINDOWS\WinSxS\amd64_microsoft.windows.common-controls_6595b64144ccf1df_6.0.19041.1110_none_60b5254171f9507e\COMCTL32.dll
0x00007ffd47a80000 - 0x00007ffd47b1d000 	C:\WINDOWS\System32\msvcp_win.dll
0x00007ffd483b0000 - 0x00007ffd4844e000 	C:\WINDOWS\System32\msvcrt.dll
0x00007ffd48920000 - 0x00007ffd48950000 	C:\WINDOWS\System32\IMM32.DLL
0x00007ffd29dd0000 - 0x00007ffd29e6b000 	C:\Users\Юыќур\.jdks\corretto-11.0.15\bin\msvcp140.dll
0x00007ffcec660000 - 0x00007ffced1e3000 	C:\Users\Юыќур\.jdks\corretto-11.0.15\bin\server\jvm.dll
0x00007ffd48450000 - 0x00007ffd484fe000 	C:\WINDOWS\System32\ADVAPI32.dll
0x00007ffd489e0000 - 0x00007ffd48a7c000 	C:\WINDOWS\System32\sechost.dll
0x00007ffd48280000 - 0x00007ffd483a5000 	C:\WINDOWS\System32\RPCRT4.dll
0x00007ffd48210000 - 0x00007ffd48218000 	C:\WINDOWS\System32\PSAPI.DLL
0x00007ffd40cd0000 - 0x00007ffd40cd9000 	C:\WINDOWS\SYSTEM32\WSOCK32.dll
0x00007ffd47d30000 - 0x00007ffd47d9b000 	C:\WINDOWS\System32\WS2_32.dll
0x00007ffd3d990000 - 0x00007ffd3d99a000 	C:\WINDOWS\SYSTEM32\VERSION.dll
0x00007ffd3d9a0000 - 0x00007ffd3d9c7000 	C:\WINDOWS\SYSTEM32\WINMM.dll
0x00007ffd452f0000 - 0x00007ffd45302000 	C:\WINDOWS\SYSTEM32\kernel.appcore.dll
0x00007ffd368b0000 - 0x00007ffd368c0000 	C:\Users\Юыќур\.jdks\corretto-11.0.15\bin\verify.dll
0x00007ffd34f80000 - 0x00007ffd35164000 	C:\WINDOWS\SYSTEM32\DBGHELP.DLL
0x00007ffd34f50000 - 0x00007ffd34f7c000 	C:\WINDOWS\SYSTEM32\dbgcore.DLL
0x00007ffd47ca0000 - 0x00007ffd47d22000 	C:\WINDOWS\System32\bcryptPrimitives.dll
0x00007ffd2a0f0000 - 0x00007ffd2a118000 	C:\Users\Юыќур\.jdks\corretto-11.0.15\bin\java.dll
0x00007ffd35300000 - 0x00007ffd3530a000 	C:\Users\Юыќур\.jdks\corretto-11.0.15\bin\jimage.dll
0x00007ffd40ce0000 - 0x00007ffd40cee000 	C:\Users\Юыќур\.jdks\corretto-11.0.15\bin\instrument.dll
0x00007ffd2a3a0000 - 0x00007ffd2a3b8000 	C:\Users\Юыќур\.jdks\corretto-11.0.15\bin\zip.dll
0x00007ffd48a80000 - 0x00007ffd491c4000 	C:\WINDOWS\System32\SHELL32.dll
0x00007ffd454f0000 - 0x00007ffd45c84000 	C:\WINDOWS\SYSTEM32\windows.storage.dll
0x00007ffd48500000 - 0x00007ffd48854000 	C:\WINDOWS\System32\combase.dll
0x00007ffd46e50000 - 0x00007ffd46e7c000 	C:\WINDOWS\SYSTEM32\Wldp.dll
0x00007ffd499f0000 - 0x00007ffd49a9d000 	C:\WINDOWS\System32\SHCORE.dll
0x00007ffd49ad0000 - 0x00007ffd49b25000 	C:\WINDOWS\System32\shlwapi.dll
0x00007ffd47330000 - 0x00007ffd4734f000 	C:\WINDOWS\SYSTEM32\profapi.dll
0x00007ffd29db0000 - 0x00007ffd29dc9000 	C:\Users\Юыќур\.jdks\corretto-11.0.15\bin\net.dll
0x00007ffd38df0000 - 0x00007ffd38efa000 	C:\WINDOWS\SYSTEM32\WINHTTP.dll
0x00007ffd46bb0000 - 0x00007ffd46c1a000 	C:\WINDOWS\system32\mswsock.dll
0x00007ffd29d90000 - 0x00007ffd29da3000 	C:\Users\Юыќур\.jdks\corretto-11.0.15\bin\nio.dll
0x00007ffd3c2f0000 - 0x00007ffd3c30a000 	C:\Program Files\JetBrains\IntelliJ IDEA Community Edition 2022.1.2\bin\breakgen64.dll
0x00007ffd46db0000 - 0x00007ffd46dc8000 	C:\WINDOWS\SYSTEM32\CRYPTSP.dll
0x00007ffd464c0000 - 0x00007ffd464f4000 	C:\WINDOWS\system32\rsaenh.dll
0x00007ffd47c20000 - 0x00007ffd47c47000 	C:\WINDOWS\System32\bcrypt.dll
0x00007ffd472b0000 - 0x00007ffd472de000 	C:\WINDOWS\SYSTEM32\USERENV.dll
0x00007ffd46da0000 - 0x00007ffd46dac000 	C:\WINDOWS\SYSTEM32\CRYPTBASE.dll
0x00007ffd46850000 - 0x00007ffd4688b000 	C:\WINDOWS\SYSTEM32\IPHLPAPI.DLL
0x00007ffd49bb0000 - 0x00007ffd49bb8000 	C:\WINDOWS\System32\NSI.dll
0x00007ffd3cbf0000 - 0x00007ffd3cc07000 	C:\WINDOWS\SYSTEM32\dhcpcsvc6.DLL
0x00007ffd3cd50000 - 0x00007ffd3cd6d000 	C:\WINDOWS\SYSTEM32\dhcpcsvc.DLL
0x00007ffd468a0000 - 0x00007ffd4696b000 	C:\WINDOWS\SYSTEM32\DNSAPI.dll
0x00007ffd39390000 - 0x00007ffd3939a000 	C:\Users\Юыќур\AppData\Local\Temp\jansi-1.17.1-11333401796700059242.dll
0x00007ffd39380000 - 0x00007ffd3938a000 	C:\Users\Юыќур\AppData\Local\Temp\jansi-1.17.1-6737577240045342705.dll

dbghelp: loaded successfully - version: 4.0.5 - missing functions: none
symbol engine: initialized successfully - sym options: 0x614 - pdb path: .;C:\Users\Юыќур\.jdks\corretto-11.0.15\bin;C:\WINDOWS\SYSTEM32;C:\WINDOWS\WinSxS\amd64_microsoft.windows.common-controls_6595b64144ccf1df_6.0.19041.1110_none_60b5254171f9507e;C:\Users\Юыќур\.jdks\corretto-11.0.15\bin\server;C:\Program Files\JetBrains\IntelliJ IDEA Community Edition 2022.1.2\bin;C:\Users\Юыќур\AppData\Local\Temp

VM Arguments:
jvm_args: -Dmaven.multiModuleProjectDirectory=C:\Users\Юыќур\IdeaProjects\Maven2 -Dmaven.home=C:\Program Files\JetBrains\IntelliJ IDEA Community Edition 2022.1.2\plugins\maven\lib\maven3 -Dclassworlds.conf=C:\Program Files\JetBrains\IntelliJ IDEA Community Edition 2022.1.2\plugins\maven\lib\maven3\bin\m2.conf -Dmaven.ext.class.path=C:\Program Files\JetBrains\IntelliJ IDEA Community Edition 2022.1.2\plugins\maven\lib\maven-event-listener.jar -javaagent:C:\Program Files\JetBrains\IntelliJ IDEA Community Edition 2022.1.2\lib\idea_rt.jar=51711:C:\Program Files\JetBrains\IntelliJ IDEA Community Edition 2022.1.2\bin -Dfile.encoding=UTF-8 
java_command: org.codehaus.classworlds.Launcher -Didea.version=2022.1.2 clean test
java_class_path (initial): C:\Program Files\JetBrains\IntelliJ IDEA Community Edition 2022.1.2\plugins\maven\lib\maven3\boot\plexus-classworlds-2.6.0.jar;C:\Program Files\JetBrains\IntelliJ IDEA Community Edition 2022.1.2\plugins\maven\lib\maven3\boot\plexus-classworlds.license
Launcher Type: SUN_STANDARD

[Global flags]
     intx CICompilerCount                          = 3                                         {product} {ergonomic}
     uint ConcGCThreads                            = 1                                         {product} {ergonomic}
     uint G1ConcRefinementThreads                  = 4                                         {product} {ergonomic}
   size_t G1HeapRegionSize                         = 1048576                                   {product} {ergonomic}
    uintx GCDrainStackTargetSize                   = 64                                        {product} {ergonomic}
   size_t InitialHeapSize                          = 92274688                                  {product} {ergonomic}
   size_t MarkStackSize                            = 4194304                                   {product} {ergonomic}
   size_t MaxHeapSize                              = 1472200704                                {product} {ergonomic}
   size_t MaxNewSize                               = 882900992                                 {product} {ergonomic}
   size_t MinHeapDeltaBytes                        = 1048576                                   {product} {ergonomic}
    uintx NonNMethodCodeHeapSize                   = 5830732                                {pd product} {ergonomic}
    uintx NonProfiledCodeHeapSize                  = 122913754                              {pd product} {ergonomic}
    uintx ProfiledCodeHeapSize                     = 122913754                              {pd product} {ergonomic}
    uintx ReservedCodeCacheSize                    = 251658240                              {pd product} {ergonomic}
     bool SegmentedCodeCache                       = true                                      {product} {ergonomic}
     bool UseCompressedClassPointers               = true                                 {lp64_product} {ergonomic}
     bool UseCompressedOops                        = true                                 {lp64_product} {ergonomic}
     bool UseG1GC                                  = true                                      {product} {ergonomic}
     bool UseLargePagesIndividualAllocation        = false                                  {pd product} {ergonomic}

Logging:
Log output configuration:
 #0: stdout all=warning uptime,level,tags
 #1: stderr all=off uptime,level,tags

Environment Variables:
PATH=C:\Program Files\Eclipse Adoptium\jdk-11.0.14.101-hotspot\bin;C:\WINDOWS\system32;C:\WINDOWS;C:\WINDOWS\System32\Wbem;C:\WINDOWS\System32\WindowsPowerShell\v1.0\;C:\WINDOWS\System32\OpenSSH\;C:\Program Files (x86)\ATI Technologies\ATI.ACE\Core-Static;C:\Program Files\Git\cmd;C:\Users\Юыќур\AppData\Local\Microsoft\WindowsApps;;C:\Users\Юыќур\AppData\Local\Programs\Microsoft VS Code\bin;C:\Program Files\JetBrains\IntelliJ IDEA Community Edition 2022.1.2\bin;
USERNAME=Юыќур
OS=Windows_NT
PROCESSOR_IDENTIFIER=AMD64 Family 18 Model 1 Stepping 0, AuthenticAMD



---------------  S Y S T E M  ---------------

OS: Windows 10 , 64 bit Build 19041 (10.0.19041.1741)
OS uptime: 0 days 2:03 hours

CPU:total 4 (initial active 4) (4 cores per cpu, 1 threads per core) family 18 model 1 stepping 0 microcode 0x0, cmov, cx8, fxsr, mmx, sse, sse2, sse3, popcnt, mmxext, 3dnowpref, lzcnt, sse4a, tsc, tscinvbit, tscinv

Memory: 4k page, system-wide physical 5611M (541M free)
TotalPageFile size 5611M (AvailPageFile size 4M)
current process WorkingSet (physical memory assigned to process): 166M, peak: 166M
current process commit charge ("private bytes"): 217M, peak: 218M

vm_info: OpenJDK 64-Bit Server VM (11.0.15+9-LTS) for windows-amd64 JRE (11.0.15+9-LTS), built on Apr 15 2022 22:20:31 by "Administrator" with unknown MS VC++:1916

END.
